c:\users\akki\source\repos\pblmini\pblmini\debug\vc141.pdb
c:\users\akki\source\repos\pblmini\pblmini\debug\myform2.obj
c:\users\akki\source\repos\pblmini\pblmini\debug\myform.obj
c:\users\akki\source\repos\pblmini\pblmini\debug\.netframework,version=v4.6.1.assemblyattributes.obj
c:\users\akki\source\repos\pblmini\pblmini\debug\.netframework,version=v4.6.1.assemblyattributes.asm
c:\users\akki\source\repos\pblmini\debug\pblmini.exe
c:\users\akki\source\repos\pblmini\debug\pblmini.pdb
c:\users\akki\source\repos\pblmini\debug\mysql.data.dll
c:\users\akki\source\repos\pblmini\debug\google.protobuf.dll
c:\users\akki\source\repos\pblmini\debug\zstandard.net.dll
c:\users\akki\source\repos\pblmini\debug\k4os.compression.lz4.streams.dll
c:\users\akki\source\repos\pblmini\debug\bouncycastle.crypto.dll
c:\users\akki\source\repos\pblmini\debug\ubiety.dns.core.dll
c:\users\akki\source\repos\pblmini\debug\system.runtime.compilerservices.unsafe.dll
c:\users\akki\source\repos\pblmini\debug\system.buffers.dll
c:\users\akki\source\repos\pblmini\debug\k4os.compression.lz4.dll
c:\users\akki\source\repos\pblmini\debug\k4os.hash.xxhash.dll
c:\users\akki\source\repos\pblmini\debug\mysql.data.xml
c:\users\akki\source\repos\pblmini\pblmini\debug\pblmini.myform.resources
c:\users\akki\source\repos\pblmini\pblmini\debug\pblmini.myform1.resources
c:\users\akki\source\repos\pblmini\pblmini\debug\pblmini.myform2.resources
c:\users\akki\source\repos\pblmini\pblmini\debug\pblmini.vcxproj.generateresource.cache
c:\users\akki\source\repos\pblmini\pblmini\debug\pblmini.tlog\cl.command.1.tlog
c:\users\akki\source\repos\pblmini\pblmini\debug\pblmini.tlog\cl.read.1.tlog
c:\users\akki\source\repos\pblmini\pblmini\debug\pblmini.tlog\cl.write.1.tlog
c:\users\akki\source\repos\pblmini\pblmini\debug\pblmini.tlog\link.command.1.tlog
c:\users\akki\source\repos\pblmini\pblmini\debug\pblmini.tlog\link.read.1.tlog
c:\users\akki\source\repos\pblmini\pblmini\debug\pblmini.tlog\link.write.1.tlog
c:\users\akki\source\repos\pblmini\pblmini\debug\pblmini.tlog\metagen.read.1.tlog
c:\users\akki\source\repos\pblmini\pblmini\debug\pblmini.tlog\metagen.write.1.tlog
c:\users\akki\source\repos\pblmini\pblmini\debug\pblmini.tlog\pblmini.write.1u.tlog
